<?xml version="1.0" encoding="utf-8"?><testsuites><testsuite name="pytest" errors="0" failures="0" skipped="0" tests="4" time="0.626" timestamp="2024-01-25T08:31:42.762301" hostname="NEW-UDHK2J5RVEL"><testcase classname="test_geolocation" name="test_tc00" time="0.147" /><testcase classname="test_geolocation" name="test_tc01" time="0.077" /><testcase classname="test_geolocation" name="test_tc02" time="0.076" /><testcase classname="test_geolocation" name="test_tc03" time="0.078" /></testsuite></testsuites>