<?xml version="1.0" encoding="utf-8"?><testsuites><testsuite name="pytest" errors="0" failures="0" skipped="0" tests="4" time="0.599" timestamp="2024-01-25T12:56:30.585680" hostname="NEW-UDHK2J5RVEL"><testcase classname="test_geolocation" name="test_tc00" time="0.207" /><testcase classname="test_geolocation" name="test_tc01" time="0.069" /><testcase classname="test_geolocation" name="test_tc02" time="0.067" /><testcase classname="test_geolocation" name="test_tc03" time="0.072" /></testsuite></testsuites>